<?xml version="1.0" encoding="UTF-8"?>
<!-- Generated by org.testng.reporters.JUnitReportReporter -->
<testsuite hostname="DESKTOP-BQOL2O5" failures="0" tests="13" name="SwagLabsdemo.Saucedemo" time="11.693" errors="0" timestamp="2024-05-23T10:46:24 IST" skipped="0">
  <testcase classname="SwagLabsdemo.Saucedemo" name="OpenApp" time="7.641"/>
  <system-out/>
  <testcase classname="SwagLabsdemo.Saucedemo" name="Login" time="0.744"/>
  <system-out/>
  <testcase classname="SwagLabsdemo.Saucedemo" name="HomePage" time="0.270"/>
  <system-out/>
  <testcase classname="SwagLabsdemo.Saucedemo" name="Addtocart" time="0.090"/>
  <system-out/>
  <testcase classname="SwagLabsdemo.Saucedemo" name="OpenCart" time="0.128"/>
  <system-out/>
  <testcase classname="SwagLabsdemo.Saucedemo" name="continueshopping" time="0.158"/>
  <system-out/>
  <testcase classname="SwagLabsdemo.Saucedemo" name="addtocartonemoreitem" time="0.472"/>
  <system-out/>
  <testcase classname="SwagLabsdemo.Saucedemo" name="OpenCart1" time="0.141"/>
  <system-out/>
  <testcase classname="SwagLabsdemo.Saucedemo" name="checkout" time="0.853"/>
  <system-out/>
  <testcase classname="SwagLabsdemo.Saucedemo" name="continue1" time="0.278"/>
  <system-out/>
  <testcase classname="SwagLabsdemo.Saucedemo" name="BackHome" time="0.139"/>
  <system-out/>
  <testcase classname="SwagLabsdemo.Saucedemo" name="logout" time="0.275"/>
  <system-out/>
  <testcase classname="SwagLabsdemo.Saucedemo" name="CloseApp" time="0.504"/>
  <system-out/>
</testsuite> <!-- SwagLabsdemo.Saucedemo -->
